<?xml version="1.0" encoding="UTF-8"?>
<testsuite xmlns:xsi="http://www.w3.org/2001/XMLSchema-instance" xsi:noNamespaceSchemaLocation="https://maven.apache.org/surefire/maven-surefire-plugin/xsd/surefire-test-report.xsd" name="TestSuite" time="3.866" tests="2" errors="0" skipped="0" failures="0">
  <properties>
    <property name="gopherProxySet" value="false"/>
    <property name="awt.toolkit" value="sun.lwawt.macosx.LWCToolkit"/>
    <property name="file.encoding.pkg" value="sun.io"/>
    <property name="java.specification.version" value="1.8"/>
    <property name="sun.cpu.isalist" value=""/>
    <property name="sun.jnu.encoding" value="UTF-8"/>
    <property name="java.class.path" value="/Users/yuanxiujing/Desktop/自动化集/TestHub/target/test-classes:/Users/yuanxiujing/Desktop/自动化集/TestHub/target/classes:/Users/yuanxiujing/.m2/repository/com/alibaba/fastjson/1.2.47/fastjson-1.2.47.jar:/Users/yuanxiujing/.m2/repository/com/googlecode/protobuf-java-format/protobuf-java-format/1.4/protobuf-java-format-1.4.jar:/Users/yuanxiujing/.m2/repository/org/slf4j/slf4j-log4j12/1.7.25/slf4j-log4j12-1.7.25.jar:/Users/yuanxiujing/.m2/repository/org/slf4j/slf4j-api/1.7.25/slf4j-api-1.7.25.jar:/Users/yuanxiujing/.m2/repository/com/squareup/okhttp3/okhttp/3.10.0/okhttp-3.10.0.jar:/Users/yuanxiujing/.m2/repository/com/squareup/okio/okio/1.14.0/okio-1.14.0.jar:/Users/yuanxiujing/.m2/repository/com/squareup/okhttp3/logging-interceptor/3.10.0/logging-interceptor-3.10.0.jar:/Users/yuanxiujing/.m2/repository/org/testng/testng/6.14.2/testng-6.14.2.jar:/Users/yuanxiujing/.m2/repository/com/beust/jcommander/1.72/jcommander-1.72.jar:/Users/yuanxiujing/.m2/repository/org/apache-extras/beanshell/bsh/2.0b6/bsh-2.0b6.jar:/Users/yuanxiujing/.m2/repository/com/aventstack/extentreports/3.1.5/extentreports-3.1.5.jar:/Users/yuanxiujing/.m2/repository/org/freemarker/freemarker/2.3.23/freemarker-2.3.23.jar:/Users/yuanxiujing/.m2/repository/org/mongodb/mongodb-driver/3.3.0/mongodb-driver-3.3.0.jar:/Users/yuanxiujing/.m2/repository/org/mongodb/bson/3.3.0/bson-3.3.0.jar:/Users/yuanxiujing/.m2/repository/org/mongodb/mongodb-driver-core/3.3.0/mongodb-driver-core-3.3.0.jar:/Users/yuanxiujing/.m2/repository/org/apache/httpcomponents/httpclient/4.5.2/httpclient-4.5.2.jar:/Users/yuanxiujing/.m2/repository/org/apache/httpcomponents/httpcore/4.4.4/httpcore-4.4.4.jar:/Users/yuanxiujing/.m2/repository/commons-logging/commons-logging/1.2/commons-logging-1.2.jar:/Users/yuanxiujing/.m2/repository/commons-codec/commons-codec/1.9/commons-codec-1.9.jar:/Users/yuanxiujing/.m2/repository/org/apache/httpcomponents/httpmime/4.5.2/httpmime-4.5.2.jar:/Users/yuanxiujing/.m2/repository/org/jsoup/jsoup/1.9.2/jsoup-1.9.2.jar:/Users/yuanxiujing/.m2/repository/com/google/code/gson/gson/2.8.0/gson-2.8.0.jar:/Users/yuanxiujing/.m2/repository/com/vimalselvam/testng-extentsreport/1.3.1/testng-extentsreport-1.3.1.jar:/Users/yuanxiujing/.m2/repository/com/google/guava/guava/20.0/guava-20.0.jar:/Users/yuanxiujing/.m2/repository/com/squareup/retrofit2/retrofit/2.4.0/retrofit-2.4.0.jar:/Users/yuanxiujing/.m2/repository/com/squareup/retrofit2/converter-gson/2.3.0/converter-gson-2.3.0.jar:/Users/yuanxiujing/.m2/repository/log4j/log4j/1.2.17/log4j-1.2.17.jar:/Users/yuanxiujing/.m2/repository/com/fasterxml/jackson/core/jackson-core/2.9.6/jackson-core-2.9.6.jar:/Users/yuanxiujing/.m2/repository/com/fasterxml/jackson/core/jackson-databind/2.9.6/jackson-databind-2.9.6.jar:/Users/yuanxiujing/.m2/repository/com/fasterxml/jackson/core/jackson-annotations/2.9.0/jackson-annotations-2.9.0.jar:/Users/yuanxiujing/.m2/repository/com/github/fge/json-schema-validator/2.2.6/json-schema-validator-2.2.6.jar:/Users/yuanxiujing/.m2/repository/com/google/code/findbugs/jsr305/3.0.0/jsr305-3.0.0.jar:/Users/yuanxiujing/.m2/repository/joda-time/joda-time/2.3/joda-time-2.3.jar:/Users/yuanxiujing/.m2/repository/com/googlecode/libphonenumber/libphonenumber/6.2/libphonenumber-6.2.jar:/Users/yuanxiujing/.m2/repository/com/github/fge/json-schema-core/1.2.5/json-schema-core-1.2.5.jar:/Users/yuanxiujing/.m2/repository/com/github/fge/uri-template/0.9/uri-template-0.9.jar:/Users/yuanxiujing/.m2/repository/com/github/fge/msg-simple/1.1/msg-simple-1.1.jar:/Users/yuanxiujing/.m2/repository/com/github/fge/btf/1.2/btf-1.2.jar:/Users/yuanxiujing/.m2/repository/com/github/fge/jackson-coreutils/1.8/jackson-coreutils-1.8.jar:/Users/yuanxiujing/.m2/repository/org/mozilla/rhino/1.7R4/rhino-1.7R4.jar:/Users/yuanxiujing/.m2/repository/javax/mail/mailapi/1.4.3/mailapi-1.4.3.jar:/Users/yuanxiujing/.m2/repository/javax/activation/activation/1.1/activation-1.1.jar:/Users/yuanxiujing/.m2/repository/net/sf/jopt-simple/jopt-simple/4.6/jopt-simple-4.6.jar:/Users/yuanxiujing/.m2/repository/org/apache/maven/surefire/surefire-testng-utils/2.22.0/surefire-testng-utils-2.22.0.jar:/Users/yuanxiujing/.m2/repository/org/apache/maven/surefire/surefire-grouper/2.22.0/surefire-grouper-2.22.0.jar:"/>
    <property name="java.vm.vendor" value="Oracle Corporation"/>
    <property name="sun.arch.data.model" value="64"/>
    <property name="java.vendor.url" value="http://java.oracle.com/"/>
    <property name="user.timezone" value=""/>
    <property name="java.vm.specification.version" value="1.8"/>
    <property name="os.name" value="Mac OS X"/>
    <property name="user.country" value="CN"/>
    <property name="sun.java.launcher" value="SUN_STANDARD"/>
    <property name="sun.boot.library.path" value="/Library/Java/JavaVirtualMachines/jdk1.8.0_151.jdk/Contents/Home/jre/lib"/>
    <property name="sun.java.command" value="/Users/yuanxiujing/Desktop/自动化集/TestHub/target/surefire/surefirebooter4951449532781777230.jar /Users/yuanxiujing/Desktop/自动化集/TestHub/target/surefire 2018-11-19T22-07-07_289-jvmRun1 surefire4265179619765437479tmp surefire_01133746242104750041tmp"/>
    <property name="surefire.test.class.path" value="/Users/yuanxiujing/Desktop/自动化集/TestHub/target/test-classes:/Users/yuanxiujing/Desktop/自动化集/TestHub/target/classes:/Users/yuanxiujing/.m2/repository/com/alibaba/fastjson/1.2.47/fastjson-1.2.47.jar:/Users/yuanxiujing/.m2/repository/com/googlecode/protobuf-java-format/protobuf-java-format/1.4/protobuf-java-format-1.4.jar:/Users/yuanxiujing/.m2/repository/org/slf4j/slf4j-log4j12/1.7.25/slf4j-log4j12-1.7.25.jar:/Users/yuanxiujing/.m2/repository/org/slf4j/slf4j-api/1.7.25/slf4j-api-1.7.25.jar:/Users/yuanxiujing/.m2/repository/com/squareup/okhttp3/okhttp/3.10.0/okhttp-3.10.0.jar:/Users/yuanxiujing/.m2/repository/com/squareup/okio/okio/1.14.0/okio-1.14.0.jar:/Users/yuanxiujing/.m2/repository/com/squareup/okhttp3/logging-interceptor/3.10.0/logging-interceptor-3.10.0.jar:/Users/yuanxiujing/.m2/repository/org/testng/testng/6.14.2/testng-6.14.2.jar:/Users/yuanxiujing/.m2/repository/com/beust/jcommander/1.72/jcommander-1.72.jar:/Users/yuanxiujing/.m2/repository/org/apache-extras/beanshell/bsh/2.0b6/bsh-2.0b6.jar:/Users/yuanxiujing/.m2/repository/com/aventstack/extentreports/3.1.5/extentreports-3.1.5.jar:/Users/yuanxiujing/.m2/repository/org/freemarker/freemarker/2.3.23/freemarker-2.3.23.jar:/Users/yuanxiujing/.m2/repository/org/mongodb/mongodb-driver/3.3.0/mongodb-driver-3.3.0.jar:/Users/yuanxiujing/.m2/repository/org/mongodb/bson/3.3.0/bson-3.3.0.jar:/Users/yuanxiujing/.m2/repository/org/mongodb/mongodb-driver-core/3.3.0/mongodb-driver-core-3.3.0.jar:/Users/yuanxiujing/.m2/repository/org/apache/httpcomponents/httpclient/4.5.2/httpclient-4.5.2.jar:/Users/yuanxiujing/.m2/repository/org/apache/httpcomponents/httpcore/4.4.4/httpcore-4.4.4.jar:/Users/yuanxiujing/.m2/repository/commons-logging/commons-logging/1.2/commons-logging-1.2.jar:/Users/yuanxiujing/.m2/repository/commons-codec/commons-codec/1.9/commons-codec-1.9.jar:/Users/yuanxiujing/.m2/repository/org/apache/httpcomponents/httpmime/4.5.2/httpmime-4.5.2.jar:/Users/yuanxiujing/.m2/repository/org/jsoup/jsoup/1.9.2/jsoup-1.9.2.jar:/Users/yuanxiujing/.m2/repository/com/google/code/gson/gson/2.8.0/gson-2.8.0.jar:/Users/yuanxiujing/.m2/repository/com/vimalselvam/testng-extentsreport/1.3.1/testng-extentsreport-1.3.1.jar:/Users/yuanxiujing/.m2/repository/com/google/guava/guava/20.0/guava-20.0.jar:/Users/yuanxiujing/.m2/repository/com/squareup/retrofit2/retrofit/2.4.0/retrofit-2.4.0.jar:/Users/yuanxiujing/.m2/repository/com/squareup/retrofit2/converter-gson/2.3.0/converter-gson-2.3.0.jar:/Users/yuanxiujing/.m2/repository/log4j/log4j/1.2.17/log4j-1.2.17.jar:/Users/yuanxiujing/.m2/repository/com/fasterxml/jackson/core/jackson-core/2.9.6/jackson-core-2.9.6.jar:/Users/yuanxiujing/.m2/repository/com/fasterxml/jackson/core/jackson-databind/2.9.6/jackson-databind-2.9.6.jar:/Users/yuanxiujing/.m2/repository/com/fasterxml/jackson/core/jackson-annotations/2.9.0/jackson-annotations-2.9.0.jar:/Users/yuanxiujing/.m2/repository/com/github/fge/json-schema-validator/2.2.6/json-schema-validator-2.2.6.jar:/Users/yuanxiujing/.m2/repository/com/google/code/findbugs/jsr305/3.0.0/jsr305-3.0.0.jar:/Users/yuanxiujing/.m2/repository/joda-time/joda-time/2.3/joda-time-2.3.jar:/Users/yuanxiujing/.m2/repository/com/googlecode/libphonenumber/libphonenumber/6.2/libphonenumber-6.2.jar:/Users/yuanxiujing/.m2/repository/com/github/fge/json-schema-core/1.2.5/json-schema-core-1.2.5.jar:/Users/yuanxiujing/.m2/repository/com/github/fge/uri-template/0.9/uri-template-0.9.jar:/Users/yuanxiujing/.m2/repository/com/github/fge/msg-simple/1.1/msg-simple-1.1.jar:/Users/yuanxiujing/.m2/repository/com/github/fge/btf/1.2/btf-1.2.jar:/Users/yuanxiujing/.m2/repository/com/github/fge/jackson-coreutils/1.8/jackson-coreutils-1.8.jar:/Users/yuanxiujing/.m2/repository/org/mozilla/rhino/1.7R4/rhino-1.7R4.jar:/Users/yuanxiujing/.m2/repository/javax/mail/mailapi/1.4.3/mailapi-1.4.3.jar:/Users/yuanxiujing/.m2/repository/javax/activation/activation/1.1/activation-1.1.jar:/Users/yuanxiujing/.m2/repository/net/sf/jopt-simple/jopt-simple/4.6/jopt-simple-4.6.jar:/Users/yuanxiujing/.m2/repository/org/apache/maven/surefire/surefire-testng-utils/2.22.0/surefire-testng-utils-2.22.0.jar:/Users/yuanxiujing/.m2/repository/org/apache/maven/surefire/surefire-grouper/2.22.0/surefire-grouper-2.22.0.jar:"/>
    <property name="sun.cpu.endian" value="little"/>
    <property name="user.home" value="/Users/yuanxiujing"/>
    <property name="user.language" value="zh"/>
    <property name="java.specification.vendor" value="Oracle Corporation"/>
    <property name="java.home" value="/Library/Java/JavaVirtualMachines/jdk1.8.0_151.jdk/Contents/Home/jre"/>
    <property name="basedir" value="/Users/yuanxiujing/Desktop/自动化集/TestHub"/>
    <property name="file.separator" value="/"/>
    <property name="line.separator" value="&#10;"/>
    <property name="java.vm.specification.vendor" value="Oracle Corporation"/>
    <property name="java.specification.name" value="Java Platform API Specification"/>
    <property name="java.awt.graphicsenv" value="sun.awt.CGraphicsEnvironment"/>
    <property name="surefire.real.class.path" value="/Users/yuanxiujing/Desktop/自动化集/TestHub/target/surefire/surefirebooter4951449532781777230.jar"/>
    <property name="sun.boot.class.path" value="/Library/Java/JavaVirtualMachines/jdk1.8.0_151.jdk/Contents/Home/jre/lib/resources.jar:/Library/Java/JavaVirtualMachines/jdk1.8.0_151.jdk/Contents/Home/jre/lib/rt.jar:/Library/Java/JavaVirtualMachines/jdk1.8.0_151.jdk/Contents/Home/jre/lib/sunrsasign.jar:/Library/Java/JavaVirtualMachines/jdk1.8.0_151.jdk/Contents/Home/jre/lib/jsse.jar:/Library/Java/JavaVirtualMachines/jdk1.8.0_151.jdk/Contents/Home/jre/lib/jce.jar:/Library/Java/JavaVirtualMachines/jdk1.8.0_151.jdk/Contents/Home/jre/lib/charsets.jar:/Library/Java/JavaVirtualMachines/jdk1.8.0_151.jdk/Contents/Home/jre/lib/jfr.jar:/Library/Java/JavaVirtualMachines/jdk1.8.0_151.jdk/Contents/Home/jre/classes"/>
    <property name="sun.management.compiler" value="HotSpot 64-Bit Tiered Compilers"/>
    <property name="java.runtime.version" value="1.8.0_151-b12"/>
    <property name="user.name" value="yuanxiujing"/>
    <property name="path.separator" value=":"/>
    <property name="os.version" value="10.11.6"/>
    <property name="java.endorsed.dirs" value="/Library/Java/JavaVirtualMachines/jdk1.8.0_151.jdk/Contents/Home/jre/lib/endorsed"/>
    <property name="java.runtime.name" value="Java(TM) SE Runtime Environment"/>
    <property name="file.encoding" value="UTF-8"/>
    <property name="java.vm.name" value="Java HotSpot(TM) 64-Bit Server VM"/>
    <property name="localRepository" value="/Users/yuanxiujing/.m2/repository"/>
    <property name="java.vendor.url.bug" value="http://bugreport.sun.com/bugreport/"/>
    <property name="java.io.tmpdir" value="/var/folders/cg/xlr127413tlg88kt6l6hnckm0000gn/T/"/>
    <property name="idea.version" value="2017.2.7"/>
    <property name="java.version" value="1.8.0_151"/>
    <property name="user.dir" value="/Users/yuanxiujing/Desktop/自动化集/TestHub"/>
    <property name="os.arch" value="x86_64"/>
    <property name="java.vm.specification.name" value="Java Virtual Machine Specification"/>
    <property name="java.awt.printerjob" value="sun.lwawt.macosx.CPrinterJob"/>
    <property name="sun.os.patch.level" value="unknown"/>
    <property name="java.library.path" value="/Users/yuanxiujing/Library/Java/Extensions:/Library/Java/Extensions:/Network/Library/Java/Extensions:/System/Library/Java/Extensions:/usr/lib/java:."/>
    <property name="java.vm.info" value="mixed mode"/>
    <property name="java.vendor" value="Oracle Corporation"/>
    <property name="java.vm.version" value="25.151-b12"/>
    <property name="java.ext.dirs" value="/Users/yuanxiujing/Library/Java/Extensions:/Library/Java/JavaVirtualMachines/jdk1.8.0_151.jdk/Contents/Home/jre/lib/ext:/Library/Java/Extensions:/Network/Library/Java/Extensions:/System/Library/Java/Extensions:/usr/lib/java"/>
    <property name="sun.io.unicode.encoding" value="UnicodeBig"/>
    <property name="java.class.version" value="52.0"/>
  </properties>
  <testcase name="testcase1" classname="com.jxq.douban.SearchTagsTest" time="1.355"/>
  <testcase name="testcase2" classname="com.jxq.douban.SearchTagsTest" time="0.121"/>
</testsuite>