<?xml version="1.0" encoding="UTF-8"?>
<!-- Generated by org.testng.reporters.JUnitReportReporter -->
<testsuite skipped="0" hostname="yuanxiujingdeMac-mini-2.local" name="com.jxq.douban.SearchTagsTest" tests="2" failures="0" timestamp="19 Nov 2018 14:07:12 GMT" time="1.444" errors="0">
  <testcase name="testcase1" time="1.335" classname="com.jxq.douban.SearchTagsTest"/>
  <testcase name="testcase2" time="0.109" classname="com.jxq.douban.SearchTagsTest"/>
</testsuite> <!-- com.jxq.douban.SearchTagsTest -->
